#
# A fatal error has been detected by the Java Runtime Environment:
#
#  EXCEPTION_ACCESS_VIOLATION (0xc0000005) at pc=0x00007ffd3d256a87, pid=2472, tid=8488
#
# JRE version: Java(TM) SE Runtime Environment (17.0.1+12) (build 17.0.1+12-LTS-39)
# Java VM: Java HotSpot(TM) 64-Bit Server VM (17.0.1+12-LTS-39, mixed mode, sharing, tiered, compressed oops, compressed class ptrs, g1 gc, windows-amd64)
# Problematic frame:
# C  [glass.dll+0x26a87]
#
# No core dump will be written. Minidumps are not enabled by default on client versions of Windows
#
# If you would like to submit a bug report, please visit:
#   https://bugreport.java.com/bugreport/crash.jsp
#

---------------  S U M M A R Y ------------

Command Line: -agentlib:jdwp=transport=dt_socket,address=127.0.0.1:57241,suspend=y,server=n --module-path=C:\Program Files\Java\javafx-sdk-17.0.1\lib --add-modules=javafx.controls,javafx.fxml -Dfile.encoding=UTF-8 TabulatedFunctionDocument.Main

Host: AMD Ryzen 3 3200U with Radeon Vega Mobile Gfx  , 4 cores, 5G,  Windows 10 , 64 bit Build 19041 (10.0.19041.1348)
Time: Wed Nov 17 00:24:03 2021 RTZ 3 (s 10 , 64 bit Build 19041 (10.0.19041.1348) elapsed time: 117.691178 seconds (0d 0h 1m 57s)

---------------  T H R E A D  ---------------

Current thread (0x000001d71580c4b0):  VMThread "VM Thread" [stack: 0x000000c51d300000,0x000000c51d400000] [id=8488]

Stack: [0x000000c51d300000,0x000000c51d400000],  sp=0x000000c51d3fefb0,  free space=1019k
Native frames: (J=compiled Java code, j=interpreted, Vv=VM code, C=native code)
C  [glass.dll+0x26a87]


siginfo: EXCEPTION_ACCESS_VIOLATION (0xc0000005), reading address 0x0000000000000000


Register to memory mapping:

RIP=0x00007ffd3d256a87 glass.dll
RAX=0x0 is NULL
RBX=0x000001d734985000 is a global jni handle
RCX=0x000001d71580c4b0 points into unknown readable memory: 0x00007ffd0c35c5e0 | e0 c5 35 0c fd 7f 00 00
RDX=0x000000c51d3fefb0 points into unknown readable memory: 0x0000000000000000 | 00 00 00 00 00 00 00 00
RSP=0x000000c51d3fefb0 points into unknown readable memory: 0x0000000000000000 | 00 00 00 00 00 00 00 00
RBP=0x000001d737e83e58 points into unknown readable memory: 0x00003eb39ab9cb7f | 7f cb b9 9a b3 3e 00 00
RSI=0x000001d737e83e30 points into unknown readable memory: 0x0000014d042b5449 | 49 54 2b 04 4d 01 00 00
RDI=0x00003eb39ab9cb7f is an unknown value
R8 =0x0000000000010002 is an unknown value
R9 =0x00003eb39ab9cb7f is an unknown value
R10=0x0000000000008000 is an unknown value
R11=0x000000c51d3fef40 points into unknown readable memory: 0x000001d737e83e30 | 30 3e e8 37 d7 01 00 00
R12=0x00007ffd3d254354 glass.dll
R13=0x00007ffd0c502940 jvm.dll
R14=0x000000c51d3ff0a8 points into unknown readable memory: 0x000000c51d3ff090 | 90 f0 3f 1d c5 00 00 00
R15=0x000001d737e83e30 points into unknown readable memory: 0x0000014d042b5449 | 49 54 2b 04 4d 01 00 00


Registers:
RAX=0x0000000000000000, RBX=0x000001d734985000, RCX=0x000001d71580c4b0, RDX=0x000000c51d3fefb0
RSP=0x000000c51d3fefb0, RBP=0x000001d737e83e58, RSI=0x000001d737e83e30, RDI=0x00003eb39ab9cb7f
R8 =0x0000000000010002, R9 =0x00003eb39ab9cb7f, R10=0x0000000000008000, R11=0x000000c51d3fef40
R12=0x00007ffd3d254354, R13=0x00007ffd0c502940, R14=0x000000c51d3ff0a8, R15=0x000001d737e83e30
RIP=0x00007ffd3d256a87, EFLAGS=0x0000000000010202

Top of Stack: (sp=0x000000c51d3fefb0)
0x000000c51d3fefb0:   0000000000000000 000001d737e83e30
0x000000c51d3fefc0:   00007ffd0c502940 00007ffd3d254354
0x000000c51d3fefd0:   000001d737e83e38 00007ffd561742d6
0x000000c51d3fefe0:   00003eb39ab9cb7f 000001d700000000
0x000000c51d3feff0:   000001d737e83e58 000001d737e83e30
0x000000c51d3ff000:   fffffffffffffffe 0000000000000000
0x000000c51d3ff010:   0000000000000001 00007ffd3d230000
0x000000c51d3ff020:   000000c51d3ff098 00007ffd561741fb
0x000000c51d3ff030:   0000000000000000 000000c51d3ff0a8
0x000000c51d3ff040:   000000c51d3ff370 00007ffd56250e40
0x000000c51d3ff050:   0000000000000001 00007ffd561741b4
0x000000c51d3ff060:   0000000000000000 0000000000000001
0x000000c51d3ff070:   0000000000000000 000000c51d3ff098
0x000000c51d3ff080:   0000000000000001 00007ffd3d2541e1
0x000000c51d3ff090:   00007ffd3d26a138 00007ffd00000002
0x000000c51d3ff0a0:   0000000000000002 000000c51d3ff090 

Instructions: (pc=0x00007ffd3d256a87)
0x00007ffd3d256987:   8b 4d 58 e8 01 cf ff ff 48 8b 4d 60 e8 f8 ce ff
0x00007ffd3d256997:   ff 48 8b 95 80 00 00 00 48 8b 8d 18 01 00 00 e8
0x00007ffd3d2569a7:   c6 c3 ff ff 33 d2 33 c9 e8 3c e1 ff ff 90 48 89
0x00007ffd3d2569b7:   54 24 10 55 48 83 ec 20 48 8b ea 48 b8 00 00 00
0x00007ffd3d2569c7:   00 00 00 00 00 48 83 c4 20 5d c3 cc 40 55 48 8b
0x00007ffd3d2569d7:   ea 48 8b 01 33 c9 81 38 05 00 00 c0 0f 94 c1 8b
0x00007ffd3d2569e7:   c1 5d c3 cc 40 55 48 83 ec 20 48 8b ea 8a 4d 40
0x00007ffd3d2569f7:   48 83 c4 20 5d e9 f7 d2 ff ff cc 40 55 48 83 ec
0x00007ffd3d256a07:   20 48 8b ea 8a 4d 20 e8 e5 d2 ff ff 90 48 83 c4
0x00007ffd3d256a17:   20 5d c3 cc 40 55 48 83 ec 20 48 8b ea 48 83 c4
0x00007ffd3d256a27:   20 5d e9 46 d1 ff ff cc 40 55 48 83 ec 30 48 8b
0x00007ffd3d256a37:   ea 48 8b 01 8b 10 48 89 4c 24 28 89 54 24 20 4c
0x00007ffd3d256a47:   8d 0d e7 d5 ff ff 4c 8b 45 70 8b 55 68 48 8b 4d
0x00007ffd3d256a57:   60 e8 87 d0 ff ff 90 48 83 c4 30 5d c3 cc cc cc
0x00007ffd3d256a67:   cc cc cc cc cc cc cc cc cc 40 53 48 83 ec 20 48
0x00007ffd3d256a77:   8b 1d b3 30 01 00 48 85 db 74 16 e8 09 8b ff ff
0x00007ffd3d256a87:   4c 8b 00 48 8b d3 48 8b c8 41 ff 90 b0 00 00 00
0x00007ffd3d256a97:   90 48 83 c4 20 5b c3 cc cc 40 53 48 83 ec 20 48
0x00007ffd3d256aa7:   8b 1d 2b 32 01 00 48 85 db 74 57 b8 ff ff ff ff
0x00007ffd3d256ab7:   f0 0f c1 43 10 83 f8 01 75 3d 48 85 db 74 38 48
0x00007ffd3d256ac7:   8b 0b 48 85 c9 74 0d ff 15 d4 07 00 00 48 c7 03
0x00007ffd3d256ad7:   00 00 00 00 48 8b 4b 08 48 85 c9 74 0d e8 a7 cd
0x00007ffd3d256ae7:   ff ff 48 c7 43 08 00 00 00 00 ba 18 00 00 00 48
0x00007ffd3d256af7:   8b cb e8 92 cd ff ff 48 c7 05 cf 31 01 00 00 00
0x00007ffd3d256b07:   00 00 48 83 c4 20 5b c3 cc 40 53 48 83 ec 20 48
0x00007ffd3d256b17:   8b 1d 9b 31 01 00 48 85 db 74 57 b8 ff ff ff ff
0x00007ffd3d256b27:   f0 0f c1 43 10 83 f8 01 75 3d 48 85 db 74 38 48
0x00007ffd3d256b37:   8b 0b 48 85 c9 74 0d ff 15 64 07 00 00 48 c7 03
0x00007ffd3d256b47:   00 00 00 00 48 8b 4b 08 48 85 c9 74 0d e8 37 cd
0x00007ffd3d256b57:   ff ff 48 c7 43 08 00 00 00 00 ba 18 00 00 00 48
0x00007ffd3d256b67:   8b cb e8 22 cd ff ff 48 c7 05 3f 31 01 00 00 00
0x00007ffd3d256b77:   00 00 48 83 c4 20 5b c3 cc 40 53 48 83 ec 20 48 


Stack slot to memory mapping:
stack at sp + 0 slots: 0x0 is NULL
stack at sp + 1 slots: 0x000001d737e83e30 points into unknown readable memory: 0x0000014d042b5449 | 49 54 2b 04 4d 01 00 00
stack at sp + 2 slots: 0x00007ffd0c502940 jvm.dll
stack at sp + 3 slots: 0x00007ffd3d254354 glass.dll
stack at sp + 4 slots: 0x000001d737e83e38 points into unknown readable memory: 0x00003eb39ab9cb7f | 7f cb b9 9a b3 3e 00 00
stack at sp + 5 slots: 0x00007ffd561742d6 ucrtbase.dll
stack at sp + 6 slots: 0x00003eb39ab9cb7f is an unknown value
stack at sp + 7 slots: 0x000001d700000000 is an unknown value

VM_Operation (0x000000c51cbfee80): Exit, mode: safepoint, requested by thread 0x000001d735efd880


---------------  P R O C E S S  ---------------

Threads class SMR info:
_java_thread_list=0x000001d736cf8a00, length=21, elements={
0x000001d71573cb80, 0x000001d715811080, 0x000001d715811e00, 0x000001d733b36650,
0x000001d733b37010, 0x000001d733b3a9f0, 0x000001d733b3b2b0, 0x000001d733b3bf50,
0x000001d733b3c900, 0x000001d733b3f210, 0x000001d733b2ca00, 0x000001d735648440,
0x000001d73581ff60, 0x000001d735ac3000, 0x000001d735fbc640, 0x000001d735fc1340,
0x000001d7367c6300, 0x000001d73581f710, 0x000001d735efc070, 0x000001d735efd3b0,
0x000001d735efd880
}

Java Threads: ( => current thread )
  0x000001d71573cb80 JavaThread "main" [_thread_blocked, id=3816, stack(0x000000c51cd00000,0x000000c51ce00000)]
  0x000001d715811080 JavaThread "Reference Handler" daemon [_thread_blocked, id=5984, stack(0x000000c51d400000,0x000000c51d500000)]
  0x000001d715811e00 JavaThread "Finalizer" daemon [_thread_blocked, id=10632, stack(0x000000c51d500000,0x000000c51d600000)]
  0x000001d733b36650 JavaThread "Signal Dispatcher" daemon [_thread_blocked, id=9344, stack(0x000000c51d600000,0x000000c51d700000)]
  0x000001d733b37010 JavaThread "Attach Listener" daemon [_thread_blocked, id=1300, stack(0x000000c51d700000,0x000000c51d800000)]
  0x000001d733b3a9f0 JavaThread "Service Thread" daemon [_thread_blocked, id=1348, stack(0x000000c51d800000,0x000000c51d900000)]
  0x000001d733b3b2b0 JavaThread "Monitor Deflation Thread" daemon [_thread_blocked, id=2400, stack(0x000000c51d900000,0x000000c51da00000)]
  0x000001d733b3bf50 JavaThread "C2 CompilerThread0" daemon [_thread_blocked, id=7792, stack(0x000000c51da00000,0x000000c51db00000)]
  0x000001d733b3c900 JavaThread "C1 CompilerThread0" daemon [_thread_blocked, id=8788, stack(0x000000c51db00000,0x000000c51dc00000)]
  0x000001d733b3f210 JavaThread "Sweeper thread" daemon [_thread_blocked, id=10996, stack(0x000000c51dc00000,0x000000c51dd00000)]
  0x000001d733b2ca00 JavaThread "Common-Cleaner" daemon [_thread_blocked, id=7092, stack(0x000000c51dd00000,0x000000c51de00000)]
  0x000001d735648440 JavaThread "JDWP Event Helper Thread" daemon [_thread_blocked, id=10900, stack(0x000000c51e000000,0x000000c51e100000)]
  0x000001d73581ff60 JavaThread "Notification Thread" daemon [_thread_blocked, id=5356, stack(0x000000c51e200000,0x000000c51e300000)]
  0x000001d735ac3000 JavaThread "QuantumRenderer-0" daemon [_thread_blocked, id=7620, stack(0x000000c51e400000,0x000000c51e500000)]
  0x000001d735fbc640 JavaThread "InvokeLaterDispatcher" daemon [_thread_blocked, id=1952, stack(0x000000c51e700000,0x000000c51e800000)]
  0x000001d735fc1340 JavaThread "JavaFX Application Thread" [_thread_blocked, id=2832, stack(0x000000c51e800000,0x000000c51e900000)]
  0x000001d7367c6300 JavaThread "Thread-1" daemon [_thread_in_native, id=8920, stack(0x000000c51ef00000,0x000000c51f000000)]
  0x000001d73581f710 JavaThread "JavaFX-Launcher" [_thread_blocked, id=1772, stack(0x000000c51f000000,0x000000c51f100000)]
  0x000001d735efc070 JavaThread "Prism Font Disposer" daemon [_thread_blocked, id=1404, stack(0x000000c51f300000,0x000000c51f400000)]
  0x000001d735efd3b0 JavaThread "Cleaner-0" daemon [_thread_blocked, id=9336, stack(0x000000c51f400000,0x000000c51f500000)]
  0x000001d735efd880 JavaThread "SIGINT handler" daemon [_thread_blocked, id=5208, stack(0x000000c51cb00000,0x000000c51cc00000)]

Other Threads:
=>0x000001d71580c4b0 VMThread "VM Thread" [stack: 0x000000c51d300000,0x000000c51d400000] [id=8488]
  0x000001d715772260 GCTaskThread "GC Thread#0" [stack: 0x000000c51ce00000,0x000000c51cf00000] [id=10052]
  0x000001d736805710 GCTaskThread "GC Thread#1" [stack: 0x000000c51ec00000,0x000000c51ed00000] [id=12144]
  0x000001d7368059c0 GCTaskThread "GC Thread#2" [stack: 0x000000c51ed00000,0x000000c51ee00000] [id=6160]
  0x000001d736805c70 GCTaskThread "GC Thread#3" [stack: 0x000000c51ee00000,0x000000c51ef00000] [id=7784]
  0x000001d715780510 ConcurrentGCThread "G1 Main Marker" terminated
  0x000001d7157815d0 ConcurrentGCThread "G1 Conc#0" [stack: 0x000000c51d000000,0x000000c51d100000] [id=8724]
  0x000001d7157e7190 ConcurrentGCThread "G1 Refine#0" terminated
  0x000001d7157e8ad0 ConcurrentGCThread "G1 Service" terminated

Threads with active compile tasks:

VM state: at safepoint (shutting down)

VM Mutex/Monitor currently owned by a thread:  ([mutex/lock_event])
[0x000001d715739960] Threads_lock - owner thread: 0x000001d71580c4b0
[0x000001d715738760] Heap_lock - owner thread: 0x000001d735efd880

Heap address: 0x00000000a1e00000, size: 1506 MB, Compressed Oops mode: 32-bit

CDS archive(s) mapped at: [0x0000000800000000-0x0000000800bc0000-0x0000000800bc0000), size 12320768, SharedBaseAddress: 0x0000000800000000, ArchiveRelocationMode: 0.
Compressed class space mapped at: 0x0000000800c00000-0x0000000840c00000, reserved size: 1073741824
Narrow klass base: 0x0000000800000000, Narrow klass shift: 0, Narrow klass range: 0x100000000

GC Precious Log:
 CPUs: 4 total, 4 available
 Memory: 6020M
 Large Page Support: Disabled
 NUMA Support: Disabled
 Compressed Oops: Enabled (32-bit)
 Heap Region Size: 1M
 Heap Min Capacity: 8M
 Heap Initial Capacity: 96M
 Heap Max Capacity: 1506M
 Pre-touch: Disabled
 Parallel Workers: 4
 Concurrent Workers: 1
 Concurrent Refinement Workers: 4
 Periodic GC: Disabled

Heap:
 garbage-first heap   total 98304K, used 21845K [0x00000000a1e00000, 0x0000000100000000)
  region size 1024K, 16 young (16384K), 3 survivors (3072K)
 Metaspace       used 17032K, committed 17344K, reserved 1064960K
  class space    used 2590K, committed 2752K, reserved 1048576K

Heap Regions: E=young(eden), S=young(survivor), O=old, HS=humongous(starts), HC=humongous(continues), CS=collection set, F=free, OA=open archive, CA=closed archive, TAMS=top-at-mark-start (previous, next)
|   0|0x00000000a1e00000, 0x00000000a1f00000, 0x00000000a1f00000|100%| O|  |TAMS 0x00000000a1e00000, 0x00000000a1e00000| Untracked 
|   1|0x00000000a1f00000, 0x00000000a2000000, 0x00000000a2000000|100%| O|  |TAMS 0x00000000a1f00000, 0x00000000a1f00000| Untracked 
|   2|0x00000000a2000000, 0x00000000a2100000, 0x00000000a2100000|100%| O|  |TAMS 0x00000000a2000000, 0x00000000a2000000| Untracked 
|   3|0x00000000a2100000, 0x00000000a2200000, 0x00000000a2200000|100%| O|  |TAMS 0x00000000a2100000, 0x00000000a2100000| Untracked 
|   4|0x00000000a2200000, 0x00000000a2294c00, 0x00000000a2300000| 58%| O|  |TAMS 0x00000000a2200000, 0x00000000a2200000| Untracked 
|   5|0x00000000a2300000, 0x00000000a2400000, 0x00000000a2400000|100%|HS|  |TAMS 0x00000000a2300000, 0x00000000a2300000| Complete 
|   6|0x00000000a2400000, 0x00000000a2500000, 0x00000000a2500000|100%|HC|  |TAMS 0x00000000a2400000, 0x00000000a2400000| Complete 
|   7|0x00000000a2500000, 0x00000000a2500000, 0x00000000a2600000|  0%| F|  |TAMS 0x00000000a2500000, 0x00000000a2500000| Untracked 
|   8|0x00000000a2600000, 0x00000000a2600000, 0x00000000a2700000|  0%| F|  |TAMS 0x00000000a2600000, 0x00000000a2600000| Untracked 
|   9|0x00000000a2700000, 0x00000000a2700000, 0x00000000a2800000|  0%| F|  |TAMS 0x00000000a2700000, 0x00000000a2700000| Untracked 
|  10|0x00000000a2800000, 0x00000000a2800000, 0x00000000a2900000|  0%| F|  |TAMS 0x00000000a2800000, 0x00000000a2800000| Untracked 
|  11|0x00000000a2900000, 0x00000000a2900000, 0x00000000a2a00000|  0%| F|  |TAMS 0x00000000a2900000, 0x00000000a2900000| Untracked 
|  12|0x00000000a2a00000, 0x00000000a2a00000, 0x00000000a2b00000|  0%| F|  |TAMS 0x00000000a2a00000, 0x00000000a2a00000| Untracked 
|  13|0x00000000a2b00000, 0x00000000a2b00000, 0x00000000a2c00000|  0%| F|  |TAMS 0x00000000a2b00000, 0x00000000a2b00000| Untracked 
|  14|0x00000000a2c00000, 0x00000000a2c00000, 0x00000000a2d00000|  0%| F|  |TAMS 0x00000000a2c00000, 0x00000000a2c00000| Untracked 
|  15|0x00000000a2d00000, 0x00000000a2d00000, 0x00000000a2e00000|  0%| F|  |TAMS 0x00000000a2d00000, 0x00000000a2d00000| Untracked 
|  16|0x00000000a2e00000, 0x00000000a2e00000, 0x00000000a2f00000|  0%| F|  |TAMS 0x00000000a2e00000, 0x00000000a2e00000| Untracked 
|  17|0x00000000a2f00000, 0x00000000a2f00000, 0x00000000a3000000|  0%| F|  |TAMS 0x00000000a2f00000, 0x00000000a2f00000| Untracked 
|  18|0x00000000a3000000, 0x00000000a3000000, 0x00000000a3100000|  0%| F|  |TAMS 0x00000000a3000000, 0x00000000a3000000| Untracked 
|  19|0x00000000a3100000, 0x00000000a3100000, 0x00000000a3200000|  0%| F|  |TAMS 0x00000000a3100000, 0x00000000a3100000| Untracked 
|  20|0x00000000a3200000, 0x00000000a3200000, 0x00000000a3300000|  0%| F|  |TAMS 0x00000000a3200000, 0x00000000a3200000| Untracked 
|  21|0x00000000a3300000, 0x00000000a3300000, 0x00000000a3400000|  0%| F|  |TAMS 0x00000000a3300000, 0x00000000a3300000| Untracked 
|  22|0x00000000a3400000, 0x00000000a3400000, 0x00000000a3500000|  0%| F|  |TAMS 0x00000000a3400000, 0x00000000a3400000| Untracked 
|  23|0x00000000a3500000, 0x00000000a3500000, 0x00000000a3600000|  0%| F|  |TAMS 0x00000000a3500000, 0x00000000a3500000| Untracked 
|  24|0x00000000a3600000, 0x00000000a3600000, 0x00000000a3700000|  0%| F|  |TAMS 0x00000000a3600000, 0x00000000a3600000| Untracked 
|  25|0x00000000a3700000, 0x00000000a3700000, 0x00000000a3800000|  0%| F|  |TAMS 0x00000000a3700000, 0x00000000a3700000| Untracked 
|  26|0x00000000a3800000, 0x00000000a3800000, 0x00000000a3900000|  0%| F|  |TAMS 0x00000000a3800000, 0x00000000a3800000| Untracked 
|  27|0x00000000a3900000, 0x00000000a3900000, 0x00000000a3a00000|  0%| F|  |TAMS 0x00000000a3900000, 0x00000000a3900000| Untracked 
|  28|0x00000000a3a00000, 0x00000000a3a00000, 0x00000000a3b00000|  0%| F|  |TAMS 0x00000000a3a00000, 0x00000000a3a00000| Untracked 
|  29|0x00000000a3b00000, 0x00000000a3b00000, 0x00000000a3c00000|  0%| F|  |TAMS 0x00000000a3b00000, 0x00000000a3b00000| Untracked 
|  30|0x00000000a3c00000, 0x00000000a3c00000, 0x00000000a3d00000|  0%| F|  |TAMS 0x00000000a3c00000, 0x00000000a3c00000| Untracked 
|  31|0x00000000a3d00000, 0x00000000a3d00000, 0x00000000a3e00000|  0%| F|  |TAMS 0x00000000a3d00000, 0x00000000a3d00000| Untracked 
|  32|0x00000000a3e00000, 0x00000000a3e00000, 0x00000000a3f00000|  0%| F|  |TAMS 0x00000000a3e00000, 0x00000000a3e00000| Untracked 
|  33|0x00000000a3f00000, 0x00000000a3f00000, 0x00000000a4000000|  0%| F|  |TAMS 0x00000000a3f00000, 0x00000000a3f00000| Untracked 
|  34|0x00000000a4000000, 0x00000000a4000000, 0x00000000a4100000|  0%| F|  |TAMS 0x00000000a4000000, 0x00000000a4000000| Untracked 
|  35|0x00000000a4100000, 0x00000000a4100000, 0x00000000a4200000|  0%| F|  |TAMS 0x00000000a4100000, 0x00000000a4100000| Untracked 
|  36|0x00000000a4200000, 0x00000000a4200000, 0x00000000a4300000|  0%| F|  |TAMS 0x00000000a4200000, 0x00000000a4200000| Untracked 
|  37|0x00000000a4300000, 0x00000000a4300000, 0x00000000a4400000|  0%| F|  |TAMS 0x00000000a4300000, 0x00000000a4300000| Untracked 
|  38|0x00000000a4400000, 0x00000000a4400000, 0x00000000a4500000|  0%| F|  |TAMS 0x00000000a4400000, 0x00000000a4400000| Untracked 
|  39|0x00000000a4500000, 0x00000000a4500000, 0x00000000a4600000|  0%| F|  |TAMS 0x00000000a4500000, 0x00000000a4500000| Untracked 
|  40|0x00000000a4600000, 0x00000000a4600000, 0x00000000a4700000|  0%| F|  |TAMS 0x00000000a4600000, 0x00000000a4600000| Untracked 
|  41|0x00000000a4700000, 0x00000000a4700000, 0x00000000a4800000|  0%| F|  |TAMS 0x00000000a4700000, 0x00000000a4700000| Untracked 
|  42|0x00000000a4800000, 0x00000000a4800000, 0x00000000a4900000|  0%| F|  |TAMS 0x00000000a4800000, 0x00000000a4800000| Untracked 
|  43|0x00000000a4900000, 0x00000000a4900000, 0x00000000a4a00000|  0%| F|  |TAMS 0x00000000a4900000, 0x00000000a4900000| Untracked 
|  44|0x00000000a4a00000, 0x00000000a4a00000, 0x00000000a4b00000|  0%| F|  |TAMS 0x00000000a4a00000, 0x00000000a4a00000| Untracked 
|  45|0x00000000a4b00000, 0x00000000a4b00000, 0x00000000a4c00000|  0%| F|  |TAMS 0x00000000a4b00000, 0x00000000a4b00000| Untracked 
|  46|0x00000000a4c00000, 0x00000000a4c00000, 0x00000000a4d00000|  0%| F|  |TAMS 0x00000000a4c00000, 0x00000000a4c00000| Untracked 
|  47|0x00000000a4d00000, 0x00000000a4d00000, 0x00000000a4e00000|  0%| F|  |TAMS 0x00000000a4d00000, 0x00000000a4d00000| Untracked 
|  48|0x00000000a4e00000, 0x00000000a4e00000, 0x00000000a4f00000|  0%| F|  |TAMS 0x00000000a4e00000, 0x00000000a4e00000| Untracked 
|  49|0x00000000a4f00000, 0x00000000a4f00000, 0x00000000a5000000|  0%| F|  |TAMS 0x00000000a4f00000, 0x00000000a4f00000| Untracked 
|  50|0x00000000a5000000, 0x00000000a5000000, 0x00000000a5100000|  0%| F|  |TAMS 0x00000000a5000000, 0x00000000a5000000| Untracked 
|  51|0x00000000a5100000, 0x00000000a5100000, 0x00000000a5200000|  0%| F|  |TAMS 0x00000000a5100000, 0x00000000a5100000| Untracked 
|  52|0x00000000a5200000, 0x00000000a5200000, 0x00000000a5300000|  0%| F|  |TAMS 0x00000000a5200000, 0x00000000a5200000| Untracked 
|  53|0x00000000a5300000, 0x00000000a5300000, 0x00000000a5400000|  0%| F|  |TAMS 0x00000000a5300000, 0x00000000a5300000| Untracked 
|  54|0x00000000a5400000, 0x00000000a5400000, 0x00000000a5500000|  0%| F|  |TAMS 0x00000000a5400000, 0x00000000a5400000| Untracked 
|  55|0x00000000a5500000, 0x00000000a5500000, 0x00000000a5600000|  0%| F|  |TAMS 0x00000000a5500000, 0x00000000a5500000| Untracked 
|  56|0x00000000a5600000, 0x00000000a5600000, 0x00000000a5700000|  0%| F|  |TAMS 0x00000000a5600000, 0x00000000a5600000| Untracked 
|  57|0x00000000a5700000, 0x00000000a5700000, 0x00000000a5800000|  0%| F|  |TAMS 0x00000000a5700000, 0x00000000a5700000| Untracked 
|  58|0x00000000a5800000, 0x00000000a5800000, 0x00000000a5900000|  0%| F|  |TAMS 0x00000000a5800000, 0x00000000a5800000| Untracked 
|  59|0x00000000a5900000, 0x00000000a5900000, 0x00000000a5a00000|  0%| F|  |TAMS 0x00000000a5900000, 0x00000000a5900000| Untracked 
|  60|0x00000000a5a00000, 0x00000000a5a00000, 0x00000000a5b00000|  0%| F|  |TAMS 0x00000000a5a00000, 0x00000000a5a00000| Untracked 
|  61|0x00000000a5b00000, 0x00000000a5b00000, 0x00000000a5c00000|  0%| F|  |TAMS 0x00000000a5b00000, 0x00000000a5b00000| Untracked 
|  62|0x00000000a5c00000, 0x00000000a5c00000, 0x00000000a5d00000|  0%| F|  |TAMS 0x00000000a5c00000, 0x00000000a5c00000| Untracked 
|  63|0x00000000a5d00000, 0x00000000a5d00000, 0x00000000a5e00000|  0%| F|  |TAMS 0x00000000a5d00000, 0x00000000a5d00000| Untracked 
|  64|0x00000000a5e00000, 0x00000000a5ec08c0, 0x00000000a5f00000| 75%| S|CS|TAMS 0x00000000a5e00000, 0x00000000a5e00000| Complete 
|  65|0x00000000a5f00000, 0x00000000a6000000, 0x00000000a6000000|100%| S|CS|TAMS 0x00000000a5f00000, 0x00000000a5f00000| Complete 
|  66|0x00000000a6000000, 0x00000000a6100000, 0x00000000a6100000|100%| S|CS|TAMS 0x00000000a6000000, 0x00000000a6000000| Complete 
|  67|0x00000000a6100000, 0x00000000a6100000, 0x00000000a6200000|  0%| F|  |TAMS 0x00000000a6100000, 0x00000000a6100000| Untracked 
|  68|0x00000000a6200000, 0x00000000a6200000, 0x00000000a6300000|  0%| F|  |TAMS 0x00000000a6200000, 0x00000000a6200000| Untracked 
|  69|0x00000000a6300000, 0x00000000a6300000, 0x00000000a6400000|  0%| F|  |TAMS 0x00000000a6300000, 0x00000000a6300000| Untracked 
|  70|0x00000000a6400000, 0x00000000a6400000, 0x00000000a6500000|  0%| F|  |TAMS 0x00000000a6400000, 0x00000000a6400000| Untracked 
|  71|0x00000000a6500000, 0x00000000a6500000, 0x00000000a6600000|  0%| F|  |TAMS 0x00000000a6500000, 0x00000000a6500000| Untracked 
|  72|0x00000000a6600000, 0x00000000a6600000, 0x00000000a6700000|  0%| F|  |TAMS 0x00000000a6600000, 0x00000000a6600000| Untracked 
|  73|0x00000000a6700000, 0x00000000a6700000, 0x00000000a6800000|  0%| F|  |TAMS 0x00000000a6700000, 0x00000000a6700000| Untracked 
|  74|0x00000000a6800000, 0x00000000a6800000, 0x00000000a6900000|  0%| F|  |TAMS 0x00000000a6800000, 0x00000000a6800000| Untracked 
|  75|0x00000000a6900000, 0x00000000a6900000, 0x00000000a6a00000|  0%| F|  |TAMS 0x00000000a6900000, 0x00000000a6900000| Untracked 
|  76|0x00000000a6a00000, 0x00000000a6a00000, 0x00000000a6b00000|  0%| F|  |TAMS 0x00000000a6a00000, 0x00000000a6a00000| Untracked 
|  77|0x00000000a6b00000, 0x00000000a6b00000, 0x00000000a6c00000|  0%| F|  |TAMS 0x00000000a6b00000, 0x00000000a6b00000| Untracked 
|  78|0x00000000a6c00000, 0x00000000a6c00000, 0x00000000a6d00000|  0%| F|  |TAMS 0x00000000a6c00000, 0x00000000a6c00000| Untracked 
|  79|0x00000000a6d00000, 0x00000000a6d00000, 0x00000000a6e00000|  0%| F|  |TAMS 0x00000000a6d00000, 0x00000000a6d00000| Untracked 
|  80|0x00000000a6e00000, 0x00000000a6e00000, 0x00000000a6f00000|  0%| F|  |TAMS 0x00000000a6e00000, 0x00000000a6e00000| Untracked 
|  81|0x00000000a6f00000, 0x00000000a6f00000, 0x00000000a7000000|  0%| F|  |TAMS 0x00000000a6f00000, 0x00000000a6f00000| Untracked 
|  82|0x00000000a7000000, 0x00000000a7000000, 0x00000000a7100000|  0%| F|  |TAMS 0x00000000a7000000, 0x00000000a7000000| Untracked 
|  83|0x00000000a7100000, 0x00000000a715cad0, 0x00000000a7200000| 36%| E|  |TAMS 0x00000000a7100000, 0x00000000a7100000| Complete 
|  84|0x00000000a7200000, 0x00000000a7300000, 0x00000000a7300000|100%| E|CS|TAMS 0x00000000a7200000, 0x00000000a7200000| Complete 
|  85|0x00000000a7300000, 0x00000000a7400000, 0x00000000a7400000|100%| E|CS|TAMS 0x00000000a7300000, 0x00000000a7300000| Complete 
|  86|0x00000000a7400000, 0x00000000a7500000, 0x00000000a7500000|100%| E|CS|TAMS 0x00000000a7400000, 0x00000000a7400000| Complete 
|  87|0x00000000a7500000, 0x00000000a7600000, 0x00000000a7600000|100%| E|CS|TAMS 0x00000000a7500000, 0x00000000a7500000| Complete 
|  88|0x00000000a7600000, 0x00000000a7700000, 0x00000000a7700000|100%| E|CS|TAMS 0x00000000a7600000, 0x00000000a7600000| Complete 
|  89|0x00000000a7700000, 0x00000000a7800000, 0x00000000a7800000|100%| E|CS|TAMS 0x00000000a7700000, 0x00000000a7700000| Complete 
|  90|0x00000000a7800000, 0x00000000a7900000, 0x00000000a7900000|100%| E|CS|TAMS 0x00000000a7800000, 0x00000000a7800000| Complete 
|  91|0x00000000a7900000, 0x00000000a7a00000, 0x00000000a7a00000|100%| E|CS|TAMS 0x00000000a7900000, 0x00000000a7900000| Complete 
|  92|0x00000000a7a00000, 0x00000000a7b00000, 0x00000000a7b00000|100%| E|CS|TAMS 0x00000000a7a00000, 0x00000000a7a00000| Complete 
|  93|0x00000000a7b00000, 0x00000000a7c00000, 0x00000000a7c00000|100%| E|CS|TAMS 0x00000000a7b00000, 0x00000000a7b00000| Complete 
|  94|0x00000000a7c00000, 0x00000000a7d00000, 0x00000000a7d00000|100%| E|CS|TAMS 0x00000000a7c00000, 0x00000000a7c00000| Complete 
|  95|0x00000000a7d00000, 0x00000000a7e00000, 0x00000000a7e00000|100%| E|CS|TAMS 0x00000000a7d00000, 0x00000000a7d00000| Complete 

Card table byte_map: [0x000001d72e070000,0x000001d72e370000] _byte_map_base: 0x000001d72db61000

Marking Bits (Prev, Next): (CMBitMap*) 0x000001d715773790, (CMBitMap*) 0x000001d7157737d0
 Prev Bits: [0x000001d72e670000, 0x000001d72fdf8000)
 Next Bits: [0x000001d72fe00000, 0x000001d731588000)

Polling page: 0x000001d715820000

Metaspace:

Usage:
  Non-class:     14.10 MB used.
      Class:      2.53 MB used.
       Both:     16.63 MB used.

Virtual space:
  Non-class space:       16.00 MB reserved,      14.25 MB ( 89%) committed,  2 nodes.
      Class space:        1.00 GB reserved,       2.69 MB ( <1%) committed,  1 nodes.
             Both:        1.02 GB reserved,      16.94 MB (  2%) committed. 

Chunk freelists:
   Non-Class:  1.20 MB
       Class:  1.22 MB
        Both:  2.42 MB

MaxMetaspaceSize: unlimited
CompressedClassSpaceSize: 1.00 GB
Initial GC threshold: 21.00 MB
Current GC threshold: 21.00 MB
CDS: on
MetaspaceReclaimPolicy: balanced
 - commit_granule_bytes: 65536.
 - commit_granule_words: 8192.
 - virtual_space_node_default_size: 1048576.
 - enlarge_chunks_in_place: 1.
 - new_chunks_are_fully_committed: 0.
 - uncommit_free_chunks: 1.
 - use_allocation_guard: 0.
 - handle_deallocations: 1.


Internal statistics:

num_allocs_failed_limit: 0.
num_arena_births: 202.
num_arena_deaths: 0.
num_vsnodes_births: 3.
num_vsnodes_deaths: 0.
num_space_committed: 271.
num_space_uncommitted: 0.
num_chunks_returned_to_freelist: 0.
num_chunks_taken_from_freelist: 807.
num_chunk_merges: 0.
num_chunk_splits: 557.
num_chunks_enlarged: 434.
num_purges: 0.
num_inconsistent_stats: 0.

CodeHeap 'non-profiled nmethods': size=120000Kb used=1155Kb max_used=1155Kb free=118844Kb
 bounds [0x000001d726210000, 0x000001d726480000, 0x000001d72d740000]
CodeHeap 'profiled nmethods': size=120000Kb used=4973Kb max_used=4973Kb free=115027Kb
 bounds [0x000001d71ece0000, 0x000001d71f1c0000, 0x000001d726210000]
CodeHeap 'non-nmethods': size=5760Kb used=1486Kb max_used=1507Kb free=4273Kb
 bounds [0x000001d71e740000, 0x000001d71e9b0000, 0x000001d71ece0000]
 total_blobs=3435 nmethods=2654 adapters=692
 compilation: enabled
              stopped_count=0, restarted_count=0
 full_count=0

Compilation events (20 events):
Event: 69.756 Thread 0x000001d733b3c900 2648       3       java.util.concurrent.locks.AbstractQueuedSynchronizer::enqueue (60 bytes)
Event: 69.757 Thread 0x000001d733b3c900 nmethod 2648 0x000001d71f1b5a90 code [0x000001d71f1b5c80, 0x000001d71f1b6138]
Event: 69.981 Thread 0x000001d733b3c900 2650   !   3       java.util.concurrent.locks.AbstractQueuedSynchronizer$ConditionObject::await (183 bytes)
Event: 69.984 Thread 0x000001d733b3c900 nmethod 2650 0x000001d71f1b6310 code [0x000001d71f1b6660, 0x000001d71f1b7bd8]
Event: 70.043 Thread 0x000001d733b3c900 2651       3       java.nio.FloatBuffer::clear (7 bytes)
Event: 70.044 Thread 0x000001d733b3c900 nmethod 2651 0x000001d71f1b8410 code [0x000001d71f1b85a0, 0x000001d71f1b8718]
Event: 70.045 Thread 0x000001d733b3c900 2652       3       com.sun.prism.d3d.D3DShader::setConstants (56 bytes)
Event: 70.045 Thread 0x000001d733b3c900 nmethod 2652 0x000001d71f1b8810 code [0x000001d71f1b89e0, 0x000001d71f1b8da8]
Event: 70.045 Thread 0x000001d733b3c900 2653       3       com.sun.prism.d3d.D3DShader::getRegister (80 bytes)
Event: 70.047 Thread 0x000001d733b3c900 nmethod 2653 0x000001d71f1b8f90 code [0x000001d71f1b91e0, 0x000001d71f1b9c08]
Event: 70.049 Thread 0x000001d733b3c900 2654       3       javafx.geometry.Insets::<init> (32 bytes)
Event: 70.049 Thread 0x000001d733b3c900 nmethod 2654 0x000001d71f1b9f90 code [0x000001d71f1ba120, 0x000001d71f1ba298]
Event: 70.049 Thread 0x000001d733b3c900 2655       3       java.util.concurrent.locks.AbstractQueuedSynchronizer$Node::setStatusRelaxed (12 bytes)
Event: 70.049 Thread 0x000001d733b3c900 nmethod 2655 0x000001d71f1ba390 code [0x000001d71f1ba520, 0x000001d71f1ba638]
Event: 70.049 Thread 0x000001d733b3c900 2656       3       java.util.concurrent.ForkJoinPool::unmanagedBlock (31 bytes)
Event: 70.051 Thread 0x000001d733b3c900 nmethod 2656 0x000001d71f1ba710 code [0x000001d71f1ba920, 0x000001d71f1bb158]
Event: 88.928 Thread 0x000001d733b3bf50 2657       4       com.sun.javafx.tk.quantum.QuantumToolkit::postPulse (133 bytes)
Event: 88.937 Thread 0x000001d733b3bf50 nmethod 2657 0x000001d72632ee10 code [0x000001d72632f000, 0x000001d72632f7b0]
Event: 88.937 Thread 0x000001d733b3bf50 2658       4       com.sun.javafx.tk.quantum.QuantumToolkit$$Lambda$90/0x0000000800c35a00::run (8 bytes)
Event: 88.946 Thread 0x000001d733b3bf50 nmethod 2658 0x000001d72632fd90 code [0x000001d72632ff80, 0x000001d726330820]

GC Heap History (6 events):
Event: 1.113 GC heap before
{Heap before GC invocations=0 (full 0):
 garbage-first heap   total 98304K, used 13312K [0x00000000a1e00000, 0x0000000100000000)
  region size 1024K, 13 young (13312K), 0 survivors (0K)
 Metaspace       used 2627K, committed 2816K, reserved 1056768K
  class space    used 270K, committed 384K, reserved 1048576K
}
Event: 1.120 GC heap after
{Heap after GC invocations=1 (full 0):
 garbage-first heap   total 98304K, used 1568K [0x00000000a1e00000, 0x0000000100000000)
  region size 1024K, 2 young (2048K), 2 survivors (2048K)
 Metaspace       used 2627K, committed 2816K, reserved 1056768K
  class space    used 270K, committed 384K, reserved 1048576K
}
Event: 1.733 GC heap before
{Heap before GC invocations=1 (full 0):
 garbage-first heap   total 98304K, used 18976K [0x00000000a1e00000, 0x0000000100000000)
  region size 1024K, 20 young (20480K), 2 survivors (2048K)
 Metaspace       used 8210K, committed 8384K, reserved 1064960K
  class space    used 1066K, committed 1152K, reserved 1048576K
}
Event: 1.742 GC heap after
{Heap after GC invocations=2 (full 0):
 garbage-first heap   total 98304K, used 4744K [0x00000000a1e00000, 0x0000000100000000)
  region size 1024K, 3 young (3072K), 3 survivors (3072K)
 Metaspace       used 8210K, committed 8384K, reserved 1064960K
  class space    used 1066K, committed 1152K, reserved 1048576K
}
Event: 2.999 GC heap before
{Heap before GC invocations=2 (full 0):
 garbage-first heap   total 98304K, used 31368K [0x00000000a1e00000, 0x0000000100000000)
  region size 1024K, 29 young (29696K), 3 survivors (3072K)
 Metaspace       used 14647K, committed 14848K, reserved 1064960K
  class space    used 2264K, committed 2368K, reserved 1048576K
}
Event: 3.007 GC heap after
{Heap after GC invocations=3 (full 0):
 garbage-first heap   total 98304K, used 7509K [0x00000000a1e00000, 0x0000000100000000)
  region size 1024K, 3 young (3072K), 3 survivors (3072K)
 Metaspace       used 14647K, committed 14848K, reserved 1064960K
  class space    used 2264K, committed 2368K, reserved 1048576K
}

Deoptimization events (20 events):
Event: 5.171 Thread 0x000001d735fc1340 Uncommon trap: trap_request=0xffffffd6 fr.pc=0x000001d72630ab80 relative=0x0000000000000ba0
Event: 5.171 Thread 0x000001d735fc1340 Uncommon trap: reason=array_check action=maybe_recompile pc=0x000001d72630ab80 method=javafx.css.SimpleSelector.applies(Ljavafx/css/Styleable;[Ljava/util/Set;I)Z @ 37 c2
Event: 5.171 Thread 0x000001d735fc1340 DEOPT PACKING pc=0x000001d72630ab80 sp=0x000000c51e8fd5a0
Event: 5.171 Thread 0x000001d735fc1340 DEOPT UNPACKING pc=0x000001d71e7923a3 sp=0x000000c51e8fd5b8 mode 2
Event: 5.171 Thread 0x000001d735fc1340 Uncommon trap: trap_request=0xffffffd6 fr.pc=0x000001d72630ab80 relative=0x0000000000000ba0
Event: 5.171 Thread 0x000001d735fc1340 Uncommon trap: reason=array_check action=maybe_recompile pc=0x000001d72630ab80 method=javafx.css.SimpleSelector.applies(Ljavafx/css/Styleable;[Ljava/util/Set;I)Z @ 37 c2
Event: 5.171 Thread 0x000001d735fc1340 DEOPT PACKING pc=0x000001d72630ab80 sp=0x000000c51e8fd5a0
Event: 5.171 Thread 0x000001d735fc1340 DEOPT UNPACKING pc=0x000001d71e7923a3 sp=0x000000c51e8fd5b8 mode 2
Event: 5.171 Thread 0x000001d735fc1340 Uncommon trap: trap_request=0xffffffd6 fr.pc=0x000001d72630ab80 relative=0x0000000000000ba0
Event: 5.171 Thread 0x000001d735fc1340 Uncommon trap: reason=array_check action=maybe_recompile pc=0x000001d72630ab80 method=javafx.css.SimpleSelector.applies(Ljavafx/css/Styleable;[Ljava/util/Set;I)Z @ 37 c2
Event: 5.171 Thread 0x000001d735fc1340 DEOPT PACKING pc=0x000001d72630ab80 sp=0x000000c51e8fd510
Event: 5.171 Thread 0x000001d735fc1340 DEOPT UNPACKING pc=0x000001d71e7923a3 sp=0x000000c51e8fd528 mode 2
Event: 6.209 Thread 0x000001d735fc1340 Uncommon trap: trap_request=0xffffffd6 fr.pc=0x000001d72631595c relative=0x00000000000010dc
Event: 6.209 Thread 0x000001d735fc1340 Uncommon trap: reason=array_check action=maybe_recompile pc=0x000001d72631595c method=javafx.css.SimpleSelector.applies(Ljavafx/css/Styleable;[Ljava/util/Set;I)Z @ 37 c2
Event: 6.209 Thread 0x000001d735fc1340 DEOPT PACKING pc=0x000001d72631595c sp=0x000000c51e8fc0f0
Event: 6.209 Thread 0x000001d735fc1340 DEOPT UNPACKING pc=0x000001d71e7923a3 sp=0x000000c51e8fc070 mode 2
Event: 117.326 Thread 0x000001d735ac3000 DEOPT PACKING pc=0x000001d71f1b76a4 sp=0x000000c51e4ff400
Event: 117.326 Thread 0x000001d735ac3000 DEOPT UNPACKING pc=0x000001d71e792b43 sp=0x000000c51e4fe928 mode 1
Event: 117.327 Thread 0x000001d735efa860 DEOPT PACKING pc=0x000001d71ee45c4c sp=0x000000c51ccff2b0
Event: 117.327 Thread 0x000001d735efa860 DEOPT UNPACKING pc=0x000001d71e792b43 sp=0x000000c51ccfe710 mode 1

Classes unloaded (0 events):
No events

Classes redefined (0 events):
No events

Internal exceptions (20 events):
Event: 1.675 Thread 0x000001d735fc1340 Exception <a 'java/lang/NoSuchMethodError'{0x00000000a6b6a280}: 'void java.lang.invoke.DirectMethodHandle$Holder.invokeSpecial(java.lang.Object, java.lang.Object, java.lang.Object, java.lang.Object, java.lang.Object)'> (0x00000000a6b6a280) 
thrown [t:\workspace\open\src\hotspot\share\interpreter\linkResolver.cpp, line 766]
Event: 1.884 Thread 0x000001d735fc1340 Implicit null exception at 0x000001d72626ffd8 to 0x000001d72627006e
Event: 1.910 Thread 0x000001d735fc1340 Implicit null exception at 0x000001d72627ef18 to 0x000001d72627f490
Event: 1.914 Thread 0x000001d735fc1340 Implicit null exception at 0x000001d72627d695 to 0x000001d72627db10
Event: 1.916 Thread 0x000001d735fc1340 Implicit null exception at 0x000001d72625020f to 0x000001d72625028d
Event: 2.147 Thread 0x000001d735fc1340 Exception <a 'java/lang/NoSuchMethodError'{0x00000000a757fa10}: 'java.lang.Object java.lang.invoke.DirectMethodHandle$Holder.invokeInterface(java.lang.Object, java.lang.Object, java.lang.Object)'> (0x00000000a757fa10) 
thrown [t:\workspace\open\src\hotspot\share\interpreter\linkResolver.cpp, line 766]
Event: 2.147 Thread 0x000001d735fc1340 Exception <a 'java/lang/IncompatibleClassChangeError'{0x00000000a7583398}: Found class java.lang.Object, but interface was expected> (0x00000000a7583398) 
thrown [t:\workspace\open\src\hotspot\share\interpreter\linkResolver.cpp, line 833]
Event: 2.235 Thread 0x000001d735fc1340 Exception <a 'java/lang/ClassNotFoundException'{0x00000000a7380150}: com/sun/javafx/scene/control/skin/resources/controls> (0x00000000a7380150) 
thrown [t:\workspace\open\src\hotspot\share\prims\jni.cpp, line 535]
Event: 2.237 Thread 0x000001d735fc1340 Exception <a 'java/lang/ClassNotFoundException'{0x00000000a738e0f0}: com/sun/javafx/scene/control/skin/resources/controls_ru> (0x00000000a738e0f0) 
thrown [t:\workspace\open\src\hotspot\share\prims\jni.cpp, line 535]
Event: 2.237 Thread 0x000001d735fc1340 Exception <a 'java/lang/ClassNotFoundException'{0x00000000a738f748}: com/sun/javafx/scene/control/skin/resources/controls_ru_RU> (0x00000000a738f748) 
thrown [t:\workspace\open\src\hotspot\share\prims\jni.cpp, line 535]
Event: 2.566 Thread 0x000001d735fc1340 Exception <a 'java/lang/NoSuchMethodError'{0x00000000a6b01810}: 'void java.lang.invoke.DirectMethodHandle$Holder.invokeSpecial(java.lang.Object, java.lang.Object, java.lang.Object, java.lang.Object, java.lang.Object, java.lang.Object)'> (0x00000000a6b01810) 
thrown [t:\workspace\open\src\hotspot\share\interpreter\linkResolver.cpp, line 766]
Event: 2.655 Thread 0x000001d735fc1340 Exception <a 'java/lang/NoSuchMethodError'{0x00000000a66afb98}: 'int java.lang.invoke.DirectMethodHandle$Holder.invokeStaticInit(java.lang.Object, java.lang.Object)'> (0x00000000a66afb98) 
thrown [t:\workspace\open\src\hotspot\share\interpreter\linkResolver.cpp, line 766]
Event: 2.924 Thread 0x000001d735fc1340 Exception <a 'java/lang/NoSuchMethodError'{0x00000000a6265778}: 'java.lang.Object java.lang.invoke.DirectMethodHandle$Holder.newInvokeSpecial(java.lang.Object, java.lang.Object, int)'> (0x00000000a6265778) 
thrown [t:\workspace\open\src\hotspot\share\interpreter\linkResolver.cpp, line 766]
Event: 3.149 Thread 0x000001d735ac3000 Exception <a 'java/lang/NoSuchMethodError'{0x00000000a7a3a6e0}: 'java.lang.Object java.lang.invoke.DirectMethodHandle$Holder.invokeStaticInit(java.lang.Object, int)'> (0x00000000a7a3a6e0) 
thrown [t:\workspace\open\src\hotspot\share\interpreter\linkResolver.cpp, line 766]
Event: 5.164 Thread 0x000001d735fc1340 Exception <a 'java/lang/NoSuchMethodError'{0x00000000a7724348}: 'long java.lang.invoke.DirectMethodHandle$Holder.invokeStatic(java.lang.Object, java.lang.Object, java.lang.Object)'> (0x00000000a7724348) 
thrown [t:\workspace\open\src\hotspot\share\interpreter\linkResolver.cpp, line 766]
Event: 5.165 Thread 0x000001d735fc1340 Exception <a 'java/lang/NoSuchMethodError'{0x00000000a7727af0}: 'long java.lang.invoke.DirectMethodHandle$Holder.invokeStaticInit(java.lang.Object, java.lang.Object, java.lang.Object)'> (0x00000000a7727af0) 
thrown [t:\workspace\open\src\hotspot\share\interpreter\linkResolver.cpp, line 766]
Event: 5.169 Thread 0x000001d735fc1340 Exception <a 'java/lang/NoSuchMethodError'{0x00000000a773f6f8}: 'java.lang.Object java.lang.invoke.DirectMethodHandle$Holder.newInvokeSpecial(java.lang.Object, java.lang.Object, long)'> (0x00000000a773f6f8) 
thrown [t:\workspace\open\src\hotspot\share\interpreter\linkResolver.cpp, line 766]
Event: 5.169 Thread 0x000001d735fc1340 Exception <a 'java/lang/NoSuchMethodError'{0x00000000a7743268}: 'java.lang.Object java.lang.invoke.Invokers$Holder.linkToTargetMethod(java.lang.Object, long, java.lang.Object)'> (0x00000000a7743268) 
thrown [t:\workspace\open\src\hotspot\share\interpreter\linkResolver.cpp, line 766]
Event: 47.880 Thread 0x000001d735fc1340 Exception <a 'java/lang/NoSuchMethodError'{0x00000000a76e81f0}: 'java.lang.Object java.lang.invoke.DirectMethodHandle$Holder.invokeInterface(java.lang.Object, java.lang.Object)'> (0x00000000a76e81f0) 
thrown [t:\workspace\open\src\hotspot\share\interpreter\linkResolver.cpp, line 766]
Event: 47.941 Thread 0x000001d735fc1340 Exception <a 'java/lang/IncompatibleClassChangeError'{0x00000000a76ebc90}: Found class java.lang.Object, but interface was expected> (0x00000000a76ebc90) 
thrown [t:\workspace\open\src\hotspot\share\interpreter\linkResolver.cpp, line 833]

VM Operations (20 events):
Event: 117.246 Executing VM operation: ChangeBreakpoints done
Event: 117.246 Executing VM operation: ChangeBreakpoints
Event: 117.246 Executing VM operation: ChangeBreakpoints done
Event: 117.246 Executing VM operation: ChangeBreakpoints
Event: 117.246 Executing VM operation: ChangeBreakpoints done
Event: 117.246 Executing VM operation: ChangeBreakpoints
Event: 117.246 Executing VM operation: ChangeBreakpoints done
Event: 117.246 Executing VM operation: ChangeBreakpoints
Event: 117.246 Executing VM operation: ChangeBreakpoints done
Event: 117.246 Executing VM operation: ChangeBreakpoints
Event: 117.246 Executing VM operation: ChangeBreakpoints done
Event: 117.246 Executing VM operation: ChangeBreakpoints
Event: 117.246 Executing VM operation: ChangeBreakpoints done
Event: 117.246 Executing VM operation: ChangeBreakpoints
Event: 117.246 Executing VM operation: ChangeBreakpoints done
Event: 117.246 Executing VM operation: ChangeBreakpoints
Event: 117.246 Executing VM operation: ChangeBreakpoints done
Event: 117.246 Executing VM operation: ChangeBreakpoints
Event: 117.246 Executing VM operation: ChangeBreakpoints done
Event: 117.327 Executing VM operation: Exit

Events (20 events):
Event: 65.464 loading class sun/text/resources/BreakIteratorResources done
Event: 65.466 loading class sun/util/resources/Bundles$2
Event: 65.466 loading class sun/util/resources/Bundles$2 done
Event: 65.481 loading class sun/text/RuleBasedBreakIterator
Event: 65.481 loading class sun/text/RuleBasedBreakIterator done
Event: 65.491 loading class sun/text/CompactByteArray
Event: 65.491 loading class sun/text/CompactByteArray done
Event: 65.494 loading class sun/text/SupplementaryCharacterData
Event: 65.494 loading class sun/text/SupplementaryCharacterData done
Event: 65.495 loading class java/text/BreakIterator$BreakIteratorCache
Event: 65.495 loading class java/text/BreakIterator$BreakIteratorCache done
Event: 117.244 Thread 0x000001d73564a7b0 Thread exited: 0x000001d73564a7b0
Event: 117.250 Thread 0x000001d735784f40 Thread exited: 0x000001d735784f40
Event: 117.320 loading class jdk/internal/misc/Signal$1
Event: 117.320 loading class jdk/internal/misc/Signal$1 done
Event: 117.321 Thread 0x000001d735efd880 Thread added: 0x000001d735efd880
Event: 117.321 Thread 0x000001d735efa860 Thread added: 0x000001d735efa860
Event: 117.322 Thread 0x000001d735efdd50 Thread added: 0x000001d735efdd50
Event: 117.326 Thread 0x000001d735efdd50 Thread exited: 0x000001d735efdd50
Event: 117.327 Thread 0x000001d735efa860 Thread exited: 0x000001d735efa860


Dynamic libraries:
0x00007ff643850000 - 0x00007ff643860000 	C:\Program Files\Java\jdk-17.0.1\bin\java.exe
0x00007ffd587b0000 - 0x00007ffd589a5000 	C:\WINDOWS\SYSTEM32\ntdll.dll
0x00007ffd578f0000 - 0x00007ffd579ae000 	C:\WINDOWS\System32\KERNEL32.DLL
0x00007ffd56260000 - 0x00007ffd56528000 	C:\WINDOWS\System32\KERNELBASE.dll
0x00007ffd56160000 - 0x00007ffd56260000 	C:\WINDOWS\System32\ucrtbase.dll
0x00007ffd50550000 - 0x00007ffd50568000 	C:\Program Files\Java\jdk-17.0.1\bin\jli.dll
0x00007ffd56950000 - 0x00007ffd569fc000 	C:\WINDOWS\System32\ADVAPI32.dll
0x00007ffd57ed0000 - 0x00007ffd57f6e000 	C:\WINDOWS\System32\msvcrt.dll
0x00007ffd57f70000 - 0x00007ffd5800b000 	C:\WINDOWS\System32\sechost.dll
0x00007ffd58010000 - 0x00007ffd5813a000 	C:\WINDOWS\System32\RPCRT4.dll
0x00007ffd58220000 - 0x00007ffd583c1000 	C:\WINDOWS\System32\USER32.dll
0x00007ffd56640000 - 0x00007ffd56662000 	C:\WINDOWS\System32\win32u.dll
0x00007ffd57350000 - 0x00007ffd5737b000 	C:\WINDOWS\System32\GDI32.dll
0x00007ffd56530000 - 0x00007ffd5663b000 	C:\WINDOWS\System32\gdi32full.dll
0x00007ffd56670000 - 0x00007ffd5670d000 	C:\WINDOWS\System32\msvcp_win.dll
0x00007ffd50530000 - 0x00007ffd5054a000 	C:\Program Files\Java\jdk-17.0.1\bin\VCRUNTIME140.dll
0x00007ffd4dd40000 - 0x00007ffd4dd4a000 	C:\WINDOWS\SYSTEM32\VERSION.dll
0x00007ffd3ba30000 - 0x00007ffd3bcca000 	C:\WINDOWS\WinSxS\amd64_microsoft.windows.common-controls_6595b64144ccf1df_6.0.19041.1110_none_60b5254171f9507e\COMCTL32.dll
0x00007ffd56920000 - 0x00007ffd56950000 	C:\WINDOWS\System32\IMM32.DLL
0x00007ffd530b0000 - 0x00007ffd530bc000 	C:\Program Files\Java\jdk-17.0.1\bin\vcruntime140_1.dll
0x00007ffd504a0000 - 0x00007ffd5052d000 	C:\Program Files\Java\jdk-17.0.1\bin\msvcp140.dll
0x00007ffd0b9e0000 - 0x00007ffd0c59e000 	C:\Program Files\Java\jdk-17.0.1\bin\server\jvm.dll
0x00007ffd58140000 - 0x00007ffd58148000 	C:\WINDOWS\System32\PSAPI.DLL
0x00007ffd530d0000 - 0x00007ffd530d9000 	C:\WINDOWS\SYSTEM32\WSOCK32.dll
0x00007ffd57b00000 - 0x00007ffd57b6b000 	C:\WINDOWS\System32\WS2_32.dll
0x00007ffd4dd10000 - 0x00007ffd4dd37000 	C:\WINDOWS\SYSTEM32\WINMM.dll
0x00007ffd54750000 - 0x00007ffd54762000 	C:\WINDOWS\SYSTEM32\kernel.appcore.dll
0x00007ffd50490000 - 0x00007ffd5049a000 	C:\Program Files\Java\jdk-17.0.1\bin\jimage.dll
0x00007ffd53da0000 - 0x00007ffd53f84000 	C:\WINDOWS\SYSTEM32\DBGHELP.DLL
0x00007ffd4a770000 - 0x00007ffd4a79c000 	C:\WINDOWS\SYSTEM32\dbgcore.DLL
0x00007ffd56710000 - 0x00007ffd56793000 	C:\WINDOWS\System32\bcryptPrimitives.dll
0x00007ffd50260000 - 0x00007ffd5029b000 	C:\Program Files\Java\jdk-17.0.1\bin\jdwp.dll
0x00007ffd503f0000 - 0x00007ffd50415000 	C:\Program Files\Java\jdk-17.0.1\bin\java.dll
0x00007ffd4f550000 - 0x00007ffd4f626000 	C:\Program Files\Java\jdk-17.0.1\bin\svml.dll
0x00007ffd56c00000 - 0x00007ffd5733f000 	C:\WINDOWS\System32\SHELL32.dll
0x00007ffd53f90000 - 0x00007ffd54720000 	C:\WINDOWS\SYSTEM32\windows.storage.dll
0x00007ffd57b70000 - 0x00007ffd57ec5000 	C:\WINDOWS\System32\combase.dll
0x00007ffd55850000 - 0x00007ffd5587e000 	C:\WINDOWS\SYSTEM32\Wldp.dll
0x00007ffd56a00000 - 0x00007ffd56aad000 	C:\WINDOWS\System32\SHCORE.dll
0x00007ffd584b0000 - 0x00007ffd58505000 	C:\WINDOWS\System32\shlwapi.dll
0x00007ffd55e10000 - 0x00007ffd55e2f000 	C:\WINDOWS\SYSTEM32\profapi.dll
0x00007ffd50460000 - 0x00007ffd50479000 	C:\Program Files\Java\jdk-17.0.1\bin\net.dll
0x00007ffd49250000 - 0x00007ffd4935c000 	C:\WINDOWS\SYSTEM32\WINHTTP.dll
0x00007ffd555b0000 - 0x00007ffd5561a000 	C:\WINDOWS\system32\mswsock.dll
0x00007ffd4fa20000 - 0x00007ffd4fa35000 	C:\Program Files\Java\jdk-17.0.1\bin\nio.dll
0x00007ffd4fa00000 - 0x00007ffd4fa18000 	C:\Program Files\Java\jdk-17.0.1\bin\zip.dll
0x00007ffd4f9d0000 - 0x00007ffd4f9dc000 	C:\Program Files\Java\jdk-17.0.1\bin\dt_socket.dll
0x00007ffd552a0000 - 0x00007ffd552db000 	C:\WINDOWS\SYSTEM32\IPHLPAPI.DLL
0x000001d733d20000 - 0x000001d733d23000 	C:\Program Files\Java\javafx-sdk-17.0.1\bin\api-ms-win-core-console-l1-1-0.dll
0x000001d733ed0000 - 0x000001d733ed3000 	C:\Program Files\Java\javafx-sdk-17.0.1\bin\api-ms-win-core-console-l1-2-0.dll
0x000001d733ee0000 - 0x000001d733ee3000 	C:\Program Files\Java\javafx-sdk-17.0.1\bin\api-ms-win-core-datetime-l1-1-0.dll
0x000001d733ef0000 - 0x000001d733ef3000 	C:\Program Files\Java\javafx-sdk-17.0.1\bin\api-ms-win-core-debug-l1-1-0.dll
0x000001d733f00000 - 0x000001d733f03000 	C:\Program Files\Java\javafx-sdk-17.0.1\bin\api-ms-win-core-errorhandling-l1-1-0.dll
0x000001d733d30000 - 0x000001d733d34000 	C:\Program Files\Java\javafx-sdk-17.0.1\bin\api-ms-win-core-file-l1-1-0.dll
0x000001d733d40000 - 0x000001d733d43000 	C:\Program Files\Java\javafx-sdk-17.0.1\bin\api-ms-win-core-file-l1-2-0.dll
0x000001d733d50000 - 0x000001d733d53000 	C:\Program Files\Java\javafx-sdk-17.0.1\bin\api-ms-win-core-file-l2-1-0.dll
0x000001d733d60000 - 0x000001d733d63000 	C:\Program Files\Java\javafx-sdk-17.0.1\bin\api-ms-win-core-handle-l1-1-0.dll
0x000001d733d70000 - 0x000001d733d73000 	C:\Program Files\Java\javafx-sdk-17.0.1\bin\api-ms-win-core-heap-l1-1-0.dll
0x000001d733d80000 - 0x000001d733d83000 	C:\Program Files\Java\javafx-sdk-17.0.1\bin\api-ms-win-core-interlocked-l1-1-0.dll
0x000001d733d90000 - 0x000001d733d93000 	C:\Program Files\Java\javafx-sdk-17.0.1\bin\api-ms-win-core-libraryloader-l1-1-0.dll
0x000001d733da0000 - 0x000001d733da3000 	C:\Program Files\Java\javafx-sdk-17.0.1\bin\api-ms-win-core-localization-l1-2-0.dll
0x000001d733db0000 - 0x000001d733db3000 	C:\Program Files\Java\javafx-sdk-17.0.1\bin\api-ms-win-core-memory-l1-1-0.dll
0x000001d733f10000 - 0x000001d733f13000 	C:\Program Files\Java\javafx-sdk-17.0.1\bin\api-ms-win-core-namedpipe-l1-1-0.dll
0x000001d733f20000 - 0x000001d733f23000 	C:\Program Files\Java\javafx-sdk-17.0.1\bin\api-ms-win-core-processenvironment-l1-1-0.dll
0x000001d733f30000 - 0x000001d733f33000 	C:\Program Files\Java\javafx-sdk-17.0.1\bin\api-ms-win-core-processthreads-l1-1-0.dll
0x000001d733f40000 - 0x000001d733f43000 	C:\Program Files\Java\javafx-sdk-17.0.1\bin\api-ms-win-core-processthreads-l1-1-1.dll
0x000001d733f50000 - 0x000001d733f53000 	C:\Program Files\Java\javafx-sdk-17.0.1\bin\api-ms-win-core-profile-l1-1-0.dll
0x000001d733f60000 - 0x000001d733f63000 	C:\Program Files\Java\javafx-sdk-17.0.1\bin\api-ms-win-core-rtlsupport-l1-1-0.dll
0x000001d733dc0000 - 0x000001d733dc3000 	C:\Program Files\Java\javafx-sdk-17.0.1\bin\api-ms-win-core-string-l1-1-0.dll
0x000001d733dd0000 - 0x000001d733dd3000 	C:\Program Files\Java\javafx-sdk-17.0.1\bin\api-ms-win-core-synch-l1-1-0.dll
0x000001d733de0000 - 0x000001d733de3000 	C:\Program Files\Java\javafx-sdk-17.0.1\bin\api-ms-win-core-synch-l1-2-0.dll
0x000001d733df0000 - 0x000001d733df3000 	C:\Program Files\Java\javafx-sdk-17.0.1\bin\api-ms-win-core-sysinfo-l1-1-0.dll
0x000001d733e00000 - 0x000001d733e03000 	C:\Program Files\Java\javafx-sdk-17.0.1\bin\api-ms-win-core-timezone-l1-1-0.dll
0x000001d733e10000 - 0x000001d733e13000 	C:\Program Files\Java\javafx-sdk-17.0.1\bin\api-ms-win-core-util-l1-1-0.dll
0x000001d733e20000 - 0x000001d733e23000 	C:\Program Files\Java\javafx-sdk-17.0.1\bin\api-ms-win-crt-conio-l1-1-0.dll
0x000001d733e30000 - 0x000001d733e34000 	C:\Program Files\Java\javafx-sdk-17.0.1\bin\api-ms-win-crt-convert-l1-1-0.dll
0x000001d733e40000 - 0x000001d733e43000 	C:\Program Files\Java\javafx-sdk-17.0.1\bin\api-ms-win-crt-environment-l1-1-0.dll
0x000001d733e50000 - 0x000001d733e53000 	C:\Program Files\Java\javafx-sdk-17.0.1\bin\api-ms-win-crt-filesystem-l1-1-0.dll
0x000001d733e60000 - 0x000001d733e63000 	C:\Program Files\Java\javafx-sdk-17.0.1\bin\api-ms-win-crt-heap-l1-1-0.dll
0x000001d733e70000 - 0x000001d733e73000 	C:\Program Files\Java\javafx-sdk-17.0.1\bin\api-ms-win-crt-locale-l1-1-0.dll
0x000001d733e80000 - 0x000001d733e85000 	C:\Program Files\Java\javafx-sdk-17.0.1\bin\api-ms-win-crt-math-l1-1-0.dll
0x000001d733e90000 - 0x000001d733e95000 	C:\Program Files\Java\javafx-sdk-17.0.1\bin\api-ms-win-crt-multibyte-l1-1-0.dll
0x000001d733ea0000 - 0x000001d733eb0000 	C:\Program Files\Java\javafx-sdk-17.0.1\bin\api-ms-win-crt-private-l1-1-0.dll
0x000001d733eb0000 - 0x000001d733eb3000 	C:\Program Files\Java\javafx-sdk-17.0.1\bin\api-ms-win-crt-process-l1-1-0.dll
0x000001d733ec0000 - 0x000001d733ec4000 	C:\Program Files\Java\javafx-sdk-17.0.1\bin\api-ms-win-crt-runtime-l1-1-0.dll
0x000001d733f70000 - 0x000001d733f74000 	C:\Program Files\Java\javafx-sdk-17.0.1\bin\api-ms-win-crt-stdio-l1-1-0.dll
0x000001d733f80000 - 0x000001d733f84000 	C:\Program Files\Java\javafx-sdk-17.0.1\bin\api-ms-win-crt-string-l1-1-0.dll
0x000001d733f90000 - 0x000001d733f93000 	C:\Program Files\Java\javafx-sdk-17.0.1\bin\api-ms-win-crt-time-l1-1-0.dll
0x000001d733fa0000 - 0x000001d733fa3000 	C:\Program Files\Java\javafx-sdk-17.0.1\bin\api-ms-win-crt-utility-l1-1-0.dll
0x00007ffd3ad90000 - 0x00007ffd3ae8c000 	C:\Program Files\Java\javafx-sdk-17.0.1\bin\ucrtbase.dll
0x00007ffd4f6c0000 - 0x00007ffd4f6da000 	C:\Program Files\Java\javafx-sdk-17.0.1\bin\vcruntime140.dll
0x00007ffd4f6b0000 - 0x00007ffd4f6bc000 	C:\Program Files\Java\javafx-sdk-17.0.1\bin\vcruntime140_1.dll
0x00007ffd3d020000 - 0x00007ffd3d0ad000 	C:\Program Files\Java\javafx-sdk-17.0.1\bin\msvcp140.dll
0x00007ffd4f520000 - 0x00007ffd4f54a000 	C:\Program Files\Java\javafx-sdk-17.0.1\bin\prism_d3d.dll
0x00007ffd1d0f0000 - 0x00007ffd1d2be000 	C:\WINDOWS\system32\d3d9.dll
0x00007ffd537a0000 - 0x00007ffd537cf000 	C:\WINDOWS\SYSTEM32\dwmapi.dll
0x00007ffd535b0000 - 0x00007ffd5364e000 	C:\WINDOWS\system32\uxtheme.dll
0x00007ffd4ca00000 - 0x00007ffd4cbd8000 	C:\WINDOWS\System32\DriverStore\FileRepository\u0354236.inf_amd64_0a65476e7bdec57f\B354183\aticfx64.dll
0x00007ffd31fd0000 - 0x00007ffd32001000 	C:\WINDOWS\System32\DriverStore\FileRepository\u0354236.inf_amd64_0a65476e7bdec57f\B354183\atiu9p64.dll
0x00007ffd194a0000 - 0x00007ffd1a10a000 	C:\WINDOWS\System32\DriverStore\FileRepository\u0354236.inf_amd64_0a65476e7bdec57f\B354183\atiumd64.dll
0x00007ffd579b0000 - 0x00007ffd57ada000 	C:\WINDOWS\System32\ole32.dll
0x0000000071f10000 - 0x0000000072cb5000 	C:\WINDOWS\System32\DriverStore\FileRepository\u0354236.inf_amd64_0a65476e7bdec57f\B354183\atiumd6a.dll
0x00007ffd55d40000 - 0x00007ffd55d8b000 	C:\WINDOWS\SYSTEM32\POWRPROF.dll
0x00007ffd55d20000 - 0x00007ffd55d32000 	C:\WINDOWS\SYSTEM32\UMPDC.dll
0x00007ffd4a920000 - 0x00007ffd4a94e000 	C:\WINDOWS\SYSTEM32\amdihk64.dll
0x00007ffd3d230000 - 0x00007ffd3d272000 	C:\Program Files\Java\javafx-sdk-17.0.1\bin\glass.dll
0x00007ffd583d0000 - 0x00007ffd584aa000 	C:\WINDOWS\System32\COMDLG32.dll
0x00007ffd56b30000 - 0x00007ffd56bfd000 	C:\WINDOWS\System32\OLEAUT32.dll
0x00007ffd56800000 - 0x00007ffd56915000 	C:\WINDOWS\System32\MSCTF.dll
0x00007ffd4de00000 - 0x00007ffd4de3b000 	C:\WINDOWS\SYSTEM32\dxcore.dll
0x00007ffd56030000 - 0x00007ffd5607e000 	C:\WINDOWS\System32\cfgmgr32.dll
0x00007ffd4f4e0000 - 0x00007ffd4f4f4000 	C:\Program Files\Java\javafx-sdk-17.0.1\bin\javafx_font.dll
0x00007ffd36a70000 - 0x00007ffd36cf3000 	C:\WINDOWS\SYSTEM32\dwrite.dll
0x00007ffd586c0000 - 0x00007ffd58769000 	C:\WINDOWS\System32\clbcatq.dll
0x00007ffd50610000 - 0x00007ffd507c4000 	C:\WINDOWS\SYSTEM32\WindowsCodecs.dll
0x00007ffd56130000 - 0x00007ffd56157000 	C:\WINDOWS\System32\bcrypt.dll
0x00007ffd34900000 - 0x00007ffd3493e000 	C:\WINDOWS\system32\dataexchange.dll
0x00007ffd51e50000 - 0x00007ffd520b4000 	C:\WINDOWS\system32\d3d11.dll
0x00007ffd527e0000 - 0x00007ffd529c5000 	C:\WINDOWS\system32\dcomp.dll
0x00007ffd547c0000 - 0x00007ffd548b4000 	C:\WINDOWS\system32\dxgi.dll
0x00007ffd509d0000 - 0x00007ffd50bd1000 	C:\WINDOWS\system32\twinapi.appcore.dll
0x00007ffd3ad50000 - 0x00007ffd3ad84000 	C:\Program Files\Common Files\Microsoft Shared\Ink\rtscom.dll
0x00007ffd3d9e0000 - 0x00007ffd3dad9000 	C:\WINDOWS\SYSTEM32\textinputframework.dll
0x00007ffd53290000 - 0x00007ffd53382000 	C:\WINDOWS\System32\CoreMessaging.dll
0x00007ffd52d50000 - 0x00007ffd530ae000 	C:\WINDOWS\System32\CoreUIComponents.dll
0x00007ffd54bc0000 - 0x00007ffd54bf3000 	C:\WINDOWS\SYSTEM32\ntmarta.dll
0x00007ffd52680000 - 0x00007ffd527d4000 	C:\WINDOWS\SYSTEM32\wintypes.dll

dbghelp: loaded successfully - version: 4.0.5 - missing functions: none
symbol engine: initialized successfully - sym options: 0x614 - pdb path: .;C:\Program Files\Java\jdk-17.0.1\bin;C:\WINDOWS\SYSTEM32;C:\WINDOWS\WinSxS\amd64_microsoft.windows.common-controls_6595b64144ccf1df_6.0.19041.1110_none_60b5254171f9507e;C:\Program Files\Java\jdk-17.0.1\bin\server;C:\Program Files\Java\javafx-sdk-17.0.1\bin;C:\WINDOWS\System32\DriverStore\FileRepository\u0354236.inf_amd64_0a65476e7bdec57f\B354183;C:\Program Files\Common Files\Microsoft Shared\Ink

VM Arguments:
jvm_args: -agentlib:jdwp=transport=dt_socket,address=127.0.0.1:57241,suspend=y,server=n --module-path=C:\Program Files\Java\javafx-sdk-17.0.1\lib --add-modules=javafx.controls,javafx.fxml -Dfile.encoding=UTF-8 
java_command: TabulatedFunctionDocument.Main
java_class_path (initial): C:\Users\Lenovo\IdeaProjects\lab6\out\production\lab6;C:\Program Files\Java\json-simple-1.1.jar;C:\Program Files\Java\javafx-sdk-17.0.1\lib\javafx-swt.jar;C:\Program Files\Java\javafx-sdk-17.0.1\lib\javafx.web.jar;C:\Program Files\Java\javafx-sdk-17.0.1\lib\javafx.base.jar;C:\Program Files\Java\javafx-sdk-17.0.1\lib\javafx.fxml.jar;C:\Program Files\Java\javafx-sdk-17.0.1\lib\javafx.media.jar;C:\Program Files\Java\javafx-sdk-17.0.1\lib\javafx.swing.jar;C:\Program Files\Java\javafx-sdk-17.0.1\lib\javafx.controls.jar;C:\Program Files\Java\javafx-sdk-17.0.1\lib\javafx.graphics.jar;C:\Program Files\JetBrains\IntelliJ IDEA Community Edition 2021.2.1\lib\idea_rt.jar
Launcher Type: SUN_STANDARD

[Global flags]
     intx CICompilerCount                          = 3                                         {product} {ergonomic}
     uint ConcGCThreads                            = 1                                         {product} {ergonomic}
     uint G1ConcRefinementThreads                  = 4                                         {product} {ergonomic}
   size_t G1HeapRegionSize                         = 1048576                                   {product} {ergonomic}
    uintx GCDrainStackTargetSize                   = 64                                        {product} {ergonomic}
   size_t InitialHeapSize                          = 100663296                                 {product} {ergonomic}
   size_t MarkStackSize                            = 4194304                                   {product} {ergonomic}
   size_t MaxHeapSize                              = 1579155456                                {product} {ergonomic}
   size_t MaxNewSize                               = 946864128                                 {product} {ergonomic}
   size_t MinHeapDeltaBytes                        = 1048576                                   {product} {ergonomic}
   size_t MinHeapSize                              = 8388608                                   {product} {ergonomic}
    uintx NonNMethodCodeHeapSize                   = 5832780                                {pd product} {ergonomic}
    uintx NonProfiledCodeHeapSize                  = 122912730                              {pd product} {ergonomic}
    uintx ProfiledCodeHeapSize                     = 122912730                              {pd product} {ergonomic}
    uintx ReservedCodeCacheSize                    = 251658240                              {pd product} {ergonomic}
     bool SegmentedCodeCache                       = true                                      {product} {ergonomic}
   size_t SoftMaxHeapSize                          = 1579155456                             {manageable} {ergonomic}
     bool UseCompressedClassPointers               = true                           {product lp64_product} {ergonomic}
     bool UseCompressedOops                        = true                           {product lp64_product} {ergonomic}
     bool UseG1GC                                  = true                                      {product} {ergonomic}
     bool UseLargePagesIndividualAllocation        = false                                  {pd product} {ergonomic}

Logging:
Log output configuration:
 #0: stdout all=off uptime,level,tags
 #1: stderr all=off uptime,level,tags

Environment Variables:
JAVA_HOME=C:\Program Files\Java\jdk-17.0.1
PATH=C:\Program Files\Common Files\Oracle\Java\javapath;C:\Program Files (x86)\Common Files\Oracle\Java\javapath;"C:\Program Files\Common Files\Oracle\Java\javapath;C:\Program Files\Java\jdk-17.0.1\bin\";C:\Program Files\Java\jdk-16.0.2\bin;C:\WINDOWS\system32;C:\WINDOWS;C:\WINDOWS\System32\Wbem;C:\WINDOWS\System32\WindowsPowerShell\v1.0\;C:\WINDOWS\System32\OpenSSH\;C:\Program Files (x86)\NoteBook FanControl\;C:\Program Files\Java\jdk-17.0.1\bin;C:\Program Files\Java\jdk-17.0.1;C:\Program Files\JetBrains\IntelliJ IDEA 2021.2.3\bin;
USERNAME=Lenovo
OS=Windows_NT
PROCESSOR_IDENTIFIER=AMD64 Family 23 Model 24 Stepping 1, AuthenticAMD



---------------  S Y S T E M  ---------------

OS:
 Windows 10 , 64 bit Build 19041 (10.0.19041.1348)
OS uptime: 0 days 7:30 hours

CPU: total 4 (initial active 4) (4 cores per cpu, 2 threads per core) family 23 model 24 stepping 1 microcode 0x0, cx8, cmov, fxsr, ht, mmx, 3dnowpref, sse, sse2, sse3, ssse3, sse4a, sse4.1, sse4.2, popcnt, lzcnt, tsc, tscinvbit, avx, avx2, aes, clmul, bmi1, bmi2, adx, sha, fma, vzeroupper, clflush, clflushopt

Memory: 4k page, system-wide physical 6020M (1014M free)
TotalPageFile size 9092M (AvailPageFile size 2155M)
current process WorkingSet (physical memory assigned to process): 123M, peak: 160M
current process commit charge ("private bytes"): 236M, peak: 273M

vm_info: Java HotSpot(TM) 64-Bit Server VM (17.0.1+12-LTS-39) for windows-amd64 JRE (17.0.1+12-LTS-39), built on Sep 27 2021 18:41:35 by "mach5one" with MS VC++ 16.8 (VS2019)

END.
